{"/Users/giselelima/projects/term3/js/desperate-housewares/dh-backend/app.js": {"path":"/Users/giselelima/projects/term3/js/desperate-housewares/dh-backend/app.js","statementMap":{"0":{"start":{"line":1,"column":15},"end":{"line":1,"column":32}},"1":{"start":{"line":2,"column":0},"end":{"line":2,"column":16}},"2":{"start":{"line":4,"column":16},"end":{"line":4,"column":34}},"3":{"start":{"line":5,"column":13},"end":{"line":5,"column":28}},"4":{"start":{"line":6,"column":20},"end":{"line":6,"column":51}},"5":{"start":{"line":8,"column":12},"end":{"line":8,"column":21}},"6":{"start":{"line":10,"column":0},"end":{"line":10,"column":15}},"7":{"start":{"line":12,"column":0},"end":{"line":12,"column":24}},"8":{"start":{"line":14,"column":0},"end":{"line":14,"column":78}},"9":{"start":{"line":14,"column":36},"end":{"line":14,"column":76}},"10":{"start":{"line":16,"column":0},"end":{"line":16,"column":37}},"11":{"start":{"line":18,"column":0},"end":{"line":18,"column":21}}},"fnMap":{"0":{"name":"(anonymous_0)","decl":{"start":{"line":14,"column":13},"end":{"line":14,"column":14}},"loc":{"start":{"line":14,"column":36},"end":{"line":14,"column":76}},"line":14}},"branchMap":{},"s":{"0":1,"1":1,"2":1,"3":1,"4":1,"5":1,"6":1,"7":1,"8":1,"9":0,"10":1,"11":1},"f":{"0":0},"b":{},"_coverageSchema":"1a1c01bbd47fc00a2c39e90264f33305004495a9","hash":"0d3741190d89b6a7c0ba346eda9ca0aadf880118"}
,"/Users/giselelima/projects/term3/js/desperate-housewares/dh-backend/db/connection.js": {"path":"/Users/giselelima/projects/term3/js/desperate-housewares/dh-backend/db/connection.js","statementMap":{"0":{"start":{"line":1,"column":17},"end":{"line":1,"column":36}},"1":{"start":{"line":3,"column":0},"end":{"line":12,"column":36}},"2":{"start":{"line":6,"column":4},"end":{"line":10,"column":5}},"3":{"start":{"line":12,"column":18},"end":{"line":12,"column":34}},"4":{"start":{"line":14,"column":0},"end":{"line":14,"column":26}}},"fnMap":{"0":{"name":"(anonymous_0)","decl":{"start":{"line":5,"column":8},"end":{"line":5,"column":9}},"loc":{"start":{"line":6,"column":4},"end":{"line":10,"column":5}},"line":6},"1":{"name":"(anonymous_1)","decl":{"start":{"line":12,"column":9},"end":{"line":12,"column":10}},"loc":{"start":{"line":12,"column":18},"end":{"line":12,"column":34}},"line":12}},"branchMap":{"0":{"loc":{"start":{"line":7,"column":6},"end":{"line":9,"column":27}},"type":"cond-expr","locations":[{"start":{"line":8,"column":10},"end":{"line":8,"column":30}},{"start":{"line":9,"column":10},"end":{"line":9,"column":27}}],"line":7}},"s":{"0":1,"1":1,"2":1,"3":0,"4":1},"f":{"0":1,"1":0},"b":{"0":[1,0]},"_coverageSchema":"1a1c01bbd47fc00a2c39e90264f33305004495a9","hash":"3829f01d8cd3d86c9780d227cc38efb05da40dbe"}
,"/Users/giselelima/projects/term3/js/desperate-housewares/dh-backend/db/item_model.js": {"path":"/Users/giselelima/projects/term3/js/desperate-housewares/dh-backend/db/item_model.js","statementMap":{"0":{"start":{"line":1,"column":17},"end":{"line":1,"column":40}},"1":{"start":{"line":3,"column":19},"end":{"line":18,"column":2}},"2":{"start":{"line":20,"column":18},"end":{"line":20,"column":52}},"3":{"start":{"line":22,"column":0},"end":{"line":22,"column":26}}},"fnMap":{},"branchMap":{},"s":{"0":1,"1":1,"2":1,"3":1},"f":{},"b":{},"_coverageSchema":"1a1c01bbd47fc00a2c39e90264f33305004495a9","hash":"9e3e6c73e12da2eda134f8799168477c1181f273"}
,"/Users/giselelima/projects/term3/js/desperate-housewares/dh-backend/routes/item_routes.js": {"path":"/Users/giselelima/projects/term3/js/desperate-housewares/dh-backend/routes/item_routes.js","statementMap":{"0":{"start":{"line":1,"column":16},"end":{"line":1,"column":34}},"1":{"start":{"line":2,"column":15},"end":{"line":2,"column":31}},"2":{"start":{"line":3,"column":18},"end":{"line":3,"column":45}},"3":{"start":{"line":5,"column":0},"end":{"line":9,"column":2}},"4":{"start":{"line":6,"column":4},"end":{"line":8,"column":67}},"5":{"start":{"line":7,"column":23},"end":{"line":7,"column":38}},"6":{"start":{"line":8,"column":22},"end":{"line":8,"column":66}},"7":{"start":{"line":11,"column":0},"end":{"line":15,"column":2}},"8":{"start":{"line":12,"column":4},"end":{"line":14,"column":101}},"9":{"start":{"line":13,"column":22},"end":{"line":13,"column":36}},"10":{"start":{"line":14,"column":22},"end":{"line":14,"column":100}},"11":{"start":{"line":17,"column":0},"end":{"line":21,"column":2}},"12":{"start":{"line":18,"column":4},"end":{"line":20,"column":67}},"13":{"start":{"line":19,"column":22},"end":{"line":19,"column":48}},"14":{"start":{"line":20,"column":22},"end":{"line":20,"column":66}},"15":{"start":{"line":23,"column":0},"end":{"line":29,"column":2}},"16":{"start":{"line":24,"column":4},"end":{"line":28,"column":67}},"17":{"start":{"line":27,"column":22},"end":{"line":27,"column":48}},"18":{"start":{"line":28,"column":22},"end":{"line":28,"column":66}},"19":{"start":{"line":31,"column":0},"end":{"line":35,"column":2}},"20":{"start":{"line":32,"column":4},"end":{"line":34,"column":67}},"21":{"start":{"line":33,"column":20},"end":{"line":33,"column":39}},"22":{"start":{"line":34,"column":22},"end":{"line":34,"column":66}},"23":{"start":{"line":37,"column":0},"end":{"line":37,"column":23}}},"fnMap":{"0":{"name":"(anonymous_0)","decl":{"start":{"line":5,"column":16},"end":{"line":5,"column":17}},"loc":{"start":{"line":5,"column":36},"end":{"line":9,"column":1}},"line":5},"1":{"name":"(anonymous_1)","decl":{"start":{"line":7,"column":14},"end":{"line":7,"column":15}},"loc":{"start":{"line":7,"column":23},"end":{"line":7,"column":38}},"line":7},"2":{"name":"(anonymous_2)","decl":{"start":{"line":8,"column":15},"end":{"line":8,"column":16}},"loc":{"start":{"line":8,"column":22},"end":{"line":8,"column":66}},"line":8},"3":{"name":"(anonymous_3)","decl":{"start":{"line":11,"column":19},"end":{"line":11,"column":20}},"loc":{"start":{"line":11,"column":39},"end":{"line":15,"column":1}},"line":11},"4":{"name":"(anonymous_4)","decl":{"start":{"line":13,"column":14},"end":{"line":13,"column":15}},"loc":{"start":{"line":13,"column":22},"end":{"line":13,"column":36}},"line":13},"5":{"name":"(anonymous_5)","decl":{"start":{"line":14,"column":15},"end":{"line":14,"column":16}},"loc":{"start":{"line":14,"column":22},"end":{"line":14,"column":100}},"line":14},"6":{"name":"(anonymous_6)","decl":{"start":{"line":17,"column":17},"end":{"line":17,"column":18}},"loc":{"start":{"line":17,"column":37},"end":{"line":21,"column":1}},"line":17},"7":{"name":"(anonymous_7)","decl":{"start":{"line":19,"column":14},"end":{"line":19,"column":15}},"loc":{"start":{"line":19,"column":22},"end":{"line":19,"column":48}},"line":19},"8":{"name":"(anonymous_8)","decl":{"start":{"line":20,"column":15},"end":{"line":20,"column":16}},"loc":{"start":{"line":20,"column":22},"end":{"line":20,"column":66}},"line":20},"9":{"name":"(anonymous_9)","decl":{"start":{"line":23,"column":19},"end":{"line":23,"column":20}},"loc":{"start":{"line":23,"column":39},"end":{"line":29,"column":1}},"line":23},"10":{"name":"(anonymous_10)","decl":{"start":{"line":27,"column":14},"end":{"line":27,"column":15}},"loc":{"start":{"line":27,"column":22},"end":{"line":27,"column":48}},"line":27},"11":{"name":"(anonymous_11)","decl":{"start":{"line":28,"column":15},"end":{"line":28,"column":16}},"loc":{"start":{"line":28,"column":22},"end":{"line":28,"column":66}},"line":28},"12":{"name":"(anonymous_12)","decl":{"start":{"line":31,"column":22},"end":{"line":31,"column":23}},"loc":{"start":{"line":31,"column":42},"end":{"line":35,"column":1}},"line":31},"13":{"name":"(anonymous_13)","decl":{"start":{"line":33,"column":14},"end":{"line":33,"column":15}},"loc":{"start":{"line":33,"column":20},"end":{"line":33,"column":39}},"line":33},"14":{"name":"(anonymous_14)","decl":{"start":{"line":34,"column":15},"end":{"line":34,"column":16}},"loc":{"start":{"line":34,"column":22},"end":{"line":34,"column":66}},"line":34}},"branchMap":{},"s":{"0":1,"1":1,"2":1,"3":1,"4":1,"5":1,"6":0,"7":1,"8":1,"9":0,"10":1,"11":1,"12":2,"13":1,"14":1,"15":1,"16":0,"17":0,"18":0,"19":1,"20":0,"21":0,"22":0,"23":1},"f":{"0":1,"1":1,"2":0,"3":1,"4":0,"5":1,"6":2,"7":1,"8":1,"9":0,"10":0,"11":0,"12":0,"13":0,"14":0},"b":{},"_coverageSchema":"1a1c01bbd47fc00a2c39e90264f33305004495a9","hash":"6e259c50d2c0295a3be4664afd1787aaaa6d16dc"}
}
